<?xml version="1.0" encoding="UTF-8"?>
<!-- Generated by org.testng.reporters.JUnitXMLReporter -->
<testsuite ignored="2" hostname="Trayambkay" failures="0" tests="1" name="Default test" time="2.774" errors="0" timestamp="2024-04-05T17:09:59 IST">
  <testcase classname="practise.LearnCookies" name="getCookies" time="2.707"/>
  <testcase classname="practise.LearnCookies" name="validateCookies" time="0.0">
    <ignored/>
  </testcase> <!-- validateCookies -->
  <testcase classname="practise.LearnCookies" name="sendCookies" time="0.0">
    <ignored/>
  </testcase> <!-- sendCookies -->
</testsuite> <!-- Default test -->
