<?xml version="1.0" encoding="UTF-8"?>
<!-- Generated by org.testng.reporters.JUnitXMLReporter -->
<testsuite ignored="2" hostname="Trayambkay" failures="0" tests="1" name="Default test" time="2.748" errors="0" timestamp="2024-04-04T19:29:54 IST">
  <testcase classname="practise.ResponseBodyValidation" name="dynamiResponseBodyValidationReqres" time="2.696"/>
  <testcase classname="practise.ResponseBodyValidation" name="staticResponseBodyValidation" time="0.0">
    <ignored/>
  </testcase> <!-- staticResponseBodyValidation -->
  <testcase classname="practise.ResponseBodyValidation" name="dynamiResponseBodyValidation" time="0.0">
    <ignored/>
  </testcase> <!-- dynamiResponseBodyValidation -->
</testsuite> <!-- Default test -->
